0 silly argv {
0 silly argv   _: [ 'create' ],
0 silly argv   lernaVersion: '3.20.2',
0 silly argv   '$0': '../../.nvm/versions/node/v12.1.0/bin/lerna',
0 silly argv   name: 'app'
0 silly argv }
1 notice cli v3.20.2
2 verbose rootPath /Users/kristian/src/swanjs
3 warn ENOREMOTE No git remote found, skipping repository property
4 error Error: canceled
4 error     at Interface.<anonymous> (/Users/kristian/.nvm/versions/node/v12.1.0/lib/node_modules/lerna/node_modules/read/lib/read.js:66:13)
4 error     at Interface.emit (events.js:196:13)
4 error     at Interface._ttyWrite (readline.js:877:16)
4 error     at ReadStream.onkeypress (readline.js:189:10)
4 error     at ReadStream.emit (events.js:196:13)
4 error     at emitKeys (internal/readline.js:424:14)
4 error     at emitKeys.next (<anonymous>)
4 error     at ReadStream.onData (readline.js:1145:36)
4 error     at ReadStream.emit (events.js:196:13)
4 error     at addChunk (_stream_readable.js:290:12)
4 error     at readableAddChunk (_stream_readable.js:271:11)
4 error     at ReadStream.Readable.push (_stream_readable.js:226:10)
